<?xml version="1.0" encoding="UTF-8"?>
<!-- Generated by org.testng.reporters.JUnitXMLReporter -->
<testsuite ignored="0" hostname="Trupti_16" failures="0" tests="2" name="Linux-Firefox" time="0.076" errors="0" timestamp="2025-05-18T19:48:16 IST">
  <testcase classname="TestCases.TC_001_AccountRegistration" name="Verify_Account_Registration" time="0.0">
    <skipped/>
  </testcase> <!-- Verify_Account_Registration -->
  <testcase classname="TestCases.TC_002_LoginTest" name="Verify_Login_Test" time="0.0">
    <skipped/>
  </testcase> <!-- Verify_Login_Test -->
</testsuite> <!-- Linux-Firefox -->
