<?xml version="1.0" encoding="UTF-8"?>
<!-- Generated by org.testng.reporters.JUnitXMLReporter -->
<testsuite ignored="0" hostname="Trupti_16" failures="0" tests="2" name="Login Tests on Firefox" time="15.751" errors="0" timestamp="2025-05-20T23:15:39 IST">
  <testcase classname="TestCases.TC_001_AccountRegistration" name="Verify_Account_Registration" time="3.108"/>
  <testcase classname="TestCases.TC_002_LoginTest" name="verifyLoginTest" time="1.554"/>
</testsuite> <!-- Login Tests on Firefox -->
