<?xml version="1.0" encoding="UTF-8"?>
<!-- Generated by org.testng.reporters.JUnitXMLReporter -->
<testsuite ignored="0" hostname="Trupti_16" failures="0" tests="2" name="Login Tests on Chrome" time="9.933" errors="0" timestamp="2025-05-20T23:15:33 IST">
  <testcase classname="TestCases.TC_001_AccountRegistration" name="Verify_Account_Registration" time="2.589"/>
  <testcase classname="TestCases.TC_002_LoginTest" name="verifyLoginTest" time="3.159"/>
</testsuite> <!-- Login Tests on Chrome -->
