<?xml version="1.0" encoding="UTF-8"?>
<testng-results ignored="0" total="1" passed="1" failed="0" skipped="0">
  <reporter-output>
  </reporter-output>
  <suite started-at="2025-05-21T21:17:45 IST" name="Suite" finished-at="2025-05-21T21:17:50 IST" duration-ms="5023">
    <groups>
      <group name="Master">
        <method signature="TC_002_LoginTest.verifyLoginTest()[pri:0, instance:TestCases.TC_002_LoginTest@4c550889]" name="verifyLoginTest" class="TestCases.TC_002_LoginTest"/>
      </group> <!-- Master -->
      <group name="Sanity">
        <method signature="TC_002_LoginTest.verifyLoginTest()[pri:0, instance:TestCases.TC_002_LoginTest@4c550889]" name="verifyLoginTest" class="TestCases.TC_002_LoginTest"/>
      </group> <!-- Sanity -->
    </groups>
    <test started-at="2025-05-21T21:17:45 IST" name="Test" finished-at="2025-05-21T21:17:50 IST" duration-ms="5023">
      <class name="TestCases.TC_002_LoginTest">
        <test-method is-config="true" signature="setup(java.lang.String,java.lang.String)[pri:0, instance:TestCases.TC_002_LoginTest@4c550889]" started-at="2025-05-21T21:17:46 IST" name="setup" finished-at="2025-05-21T21:17:48 IST" duration-ms="2536" status="PASS">
          <params>
            <param index="0">
              <value>
                <![CDATA[Windows]]>
              </value>
            </param>
            <param index="1">
              <value>
                <![CDATA[Chrome]]>
              </value>
            </param>
          </params>
          <reporter-output>
          </reporter-output>
        </test-method> <!-- setup -->
        <test-method signature="verifyLoginTest()[pri:0, instance:TestCases.TC_002_LoginTest@4c550889]" started-at="2025-05-21T21:17:48 IST" name="verifyLoginTest" finished-at="2025-05-21T21:17:50 IST" duration-ms="1922" status="PASS">
          <reporter-output>
          </reporter-output>
        </test-method> <!-- verifyLoginTest -->
        <test-method is-config="true" signature="tearDown()[pri:0, instance:TestCases.TC_002_LoginTest@4c550889]" started-at="2025-05-21T21:17:50 IST" name="tearDown" finished-at="2025-05-21T21:17:50 IST" duration-ms="302" status="PASS">
          <reporter-output>
          </reporter-output>
        </test-method> <!-- tearDown -->
      </class> <!-- TestCases.TC_002_LoginTest -->
    </test> <!-- Test -->
  </suite> <!-- Suite -->
</testng-results>
