<?xml version="1.0" encoding="UTF-8"?>
<testng-results ignored="0" total="4" passed="4" failed="0" skipped="0">
  <reporter-output>
  </reporter-output>
  <suite started-at="2025-05-21T19:30:39 IST" name="Suite" finished-at="2025-05-21T19:30:52 IST" duration-ms="12581">
    <groups>
      <group name="Master">
        <method signature="TC_001_AccountRegistration.Verify_Account_Registration()[pri:0, instance:TestCases.TC_001_AccountRegistration@4bc28c33]" name="Verify_Account_Registration" class="TestCases.TC_001_AccountRegistration"/>
        <method signature="TC_002_LoginTest.verifyLoginTest()[pri:0, instance:TestCases.TC_002_LoginTest@2a7686a7]" name="verifyLoginTest" class="TestCases.TC_002_LoginTest"/>
        <method signature="TC_001_AccountRegistration.Verify_Account_Registration()[pri:0, instance:TestCases.TC_001_AccountRegistration@478ee483]" name="Verify_Account_Registration" class="TestCases.TC_001_AccountRegistration"/>
        <method signature="TC_002_LoginTest.verifyLoginTest()[pri:0, instance:TestCases.TC_002_LoginTest@1a7288a3]" name="verifyLoginTest" class="TestCases.TC_002_LoginTest"/>
      </group> <!-- Master -->
      <group name="Sanity">
        <method signature="TC_002_LoginTest.verifyLoginTest()[pri:0, instance:TestCases.TC_002_LoginTest@2a7686a7]" name="verifyLoginTest" class="TestCases.TC_002_LoginTest"/>
        <method signature="TC_002_LoginTest.verifyLoginTest()[pri:0, instance:TestCases.TC_002_LoginTest@1a7288a3]" name="verifyLoginTest" class="TestCases.TC_002_LoginTest"/>
      </group> <!-- Sanity -->
      <group name="Regression">
        <method signature="TC_001_AccountRegistration.Verify_Account_Registration()[pri:0, instance:TestCases.TC_001_AccountRegistration@4bc28c33]" name="Verify_Account_Registration" class="TestCases.TC_001_AccountRegistration"/>
        <method signature="TC_001_AccountRegistration.Verify_Account_Registration()[pri:0, instance:TestCases.TC_001_AccountRegistration@478ee483]" name="Verify_Account_Registration" class="TestCases.TC_001_AccountRegistration"/>
      </group> <!-- Regression -->
    </groups>
    <test started-at="2025-05-21T19:30:39 IST" name="Linux-Chrome" finished-at="2025-05-21T19:30:47 IST" duration-ms="7758">
      <class name="TestCases.TC_001_AccountRegistration">
        <test-method is-config="true" signature="setup(java.lang.String,java.lang.String)[pri:0, instance:TestCases.TC_001_AccountRegistration@4bc28c33]" started-at="2025-05-21T19:30:39 IST" name="setup" finished-at="2025-05-21T19:30:41 IST" duration-ms="1806" status="PASS">
          <params>
            <param index="0">
              <value>
                <![CDATA[Linux]]>
              </value>
            </param>
            <param index="1">
              <value>
                <![CDATA[chrome]]>
              </value>
            </param>
          </params>
          <reporter-output>
          </reporter-output>
        </test-method> <!-- setup -->
        <test-method signature="Verify_Account_Registration()[pri:0, instance:TestCases.TC_001_AccountRegistration@4bc28c33]" started-at="2025-05-21T19:30:41 IST" name="Verify_Account_Registration" finished-at="2025-05-21T19:30:44 IST" duration-ms="2483" status="PASS">
          <reporter-output>
          </reporter-output>
        </test-method> <!-- Verify_Account_Registration -->
        <test-method is-config="true" signature="tearDown()[pri:0, instance:TestCases.TC_001_AccountRegistration@4bc28c33]" started-at="2025-05-21T19:30:44 IST" name="tearDown" finished-at="2025-05-21T19:30:44 IST" duration-ms="134" status="PASS">
          <reporter-output>
          </reporter-output>
        </test-method> <!-- tearDown -->
      </class> <!-- TestCases.TC_001_AccountRegistration -->
      <class name="TestCases.TC_002_LoginTest">
        <test-method is-config="true" signature="setup(java.lang.String,java.lang.String)[pri:0, instance:TestCases.TC_002_LoginTest@2a7686a7]" started-at="2025-05-21T19:30:44 IST" name="setup" finished-at="2025-05-21T19:30:45 IST" duration-ms="1220" status="PASS">
          <params>
            <param index="0">
              <value>
                <![CDATA[Linux]]>
              </value>
            </param>
            <param index="1">
              <value>
                <![CDATA[chrome]]>
              </value>
            </param>
          </params>
          <reporter-output>
          </reporter-output>
        </test-method> <!-- setup -->
        <test-method signature="verifyLoginTest()[pri:0, instance:TestCases.TC_002_LoginTest@2a7686a7]" started-at="2025-05-21T19:30:45 IST" name="verifyLoginTest" finished-at="2025-05-21T19:30:47 IST" duration-ms="1830" status="PASS">
          <reporter-output>
          </reporter-output>
        </test-method> <!-- verifyLoginTest -->
        <test-method is-config="true" signature="tearDown()[pri:0, instance:TestCases.TC_002_LoginTest@2a7686a7]" started-at="2025-05-21T19:30:47 IST" name="tearDown" finished-at="2025-05-21T19:30:47 IST" duration-ms="86" status="PASS">
          <reporter-output>
          </reporter-output>
        </test-method> <!-- tearDown -->
      </class> <!-- TestCases.TC_002_LoginTest -->
    </test> <!-- Linux-Chrome -->
    <test started-at="2025-05-21T19:30:39 IST" name="Linux-Firefox" finished-at="2025-05-21T19:30:52 IST" duration-ms="12581">
      <class name="TestCases.TC_001_AccountRegistration">
        <test-method is-config="true" signature="setup(java.lang.String,java.lang.String)[pri:0, instance:TestCases.TC_001_AccountRegistration@478ee483]" started-at="2025-05-21T19:30:39 IST" name="setup" finished-at="2025-05-21T19:30:44 IST" duration-ms="4280" status="PASS">
          <params>
            <param index="0">
              <value>
                <![CDATA[Linux]]>
              </value>
            </param>
            <param index="1">
              <value>
                <![CDATA[firefox]]>
              </value>
            </param>
          </params>
          <reporter-output>
          </reporter-output>
        </test-method> <!-- setup -->
        <test-method signature="Verify_Account_Registration()[pri:0, instance:TestCases.TC_001_AccountRegistration@478ee483]" started-at="2025-05-21T19:30:44 IST" name="Verify_Account_Registration" finished-at="2025-05-21T19:30:46 IST" duration-ms="2110" status="PASS">
          <reporter-output>
          </reporter-output>
        </test-method> <!-- Verify_Account_Registration -->
        <test-method is-config="true" signature="tearDown()[pri:0, instance:TestCases.TC_001_AccountRegistration@478ee483]" started-at="2025-05-21T19:30:46 IST" name="tearDown" finished-at="2025-05-21T19:30:46 IST" duration-ms="681" status="PASS">
          <reporter-output>
          </reporter-output>
        </test-method> <!-- tearDown -->
      </class> <!-- TestCases.TC_001_AccountRegistration -->
      <class name="TestCases.TC_002_LoginTest">
        <test-method is-config="true" signature="setup(java.lang.String,java.lang.String)[pri:0, instance:TestCases.TC_002_LoginTest@1a7288a3]" started-at="2025-05-21T19:30:46 IST" name="setup" finished-at="2025-05-21T19:30:50 IST" duration-ms="3138" status="PASS">
          <params>
            <param index="0">
              <value>
                <![CDATA[Linux]]>
              </value>
            </param>
            <param index="1">
              <value>
                <![CDATA[firefox]]>
              </value>
            </param>
          </params>
          <reporter-output>
          </reporter-output>
        </test-method> <!-- setup -->
        <test-method signature="verifyLoginTest()[pri:0, instance:TestCases.TC_002_LoginTest@1a7288a3]" started-at="2025-05-21T19:30:50 IST" name="verifyLoginTest" finished-at="2025-05-21T19:30:51 IST" duration-ms="1450" status="PASS">
          <reporter-output>
          </reporter-output>
        </test-method> <!-- verifyLoginTest -->
        <test-method is-config="true" signature="tearDown()[pri:0, instance:TestCases.TC_002_LoginTest@1a7288a3]" started-at="2025-05-21T19:30:51 IST" name="tearDown" finished-at="2025-05-21T19:30:52 IST" duration-ms="751" status="PASS">
          <reporter-output>
          </reporter-output>
        </test-method> <!-- tearDown -->
      </class> <!-- TestCases.TC_002_LoginTest -->
    </test> <!-- Linux-Firefox -->
  </suite> <!-- Suite -->
</testng-results>
