<?xml version="1.0" encoding="UTF-8"?>
<testng-results ignored="0" total="1" passed="1" failed="0" skipped="0">
  <reporter-output>
  </reporter-output>
  <suite started-at="2025-05-18T22:32:35 IST" name="Suite" finished-at="2025-05-18T22:32:45 IST" duration-ms="10377">
    <groups>
      <group name="Master">
        <method signature="TC_002_LoginTest.Verify_Login_Test()[pri:0, instance:TestCases.TC_002_LoginTest@f001896]" name="Verify_Login_Test" class="TestCases.TC_002_LoginTest"/>
      </group> <!-- Master -->
      <group name="Sanity">
        <method signature="TC_002_LoginTest.Verify_Login_Test()[pri:0, instance:TestCases.TC_002_LoginTest@f001896]" name="Verify_Login_Test" class="TestCases.TC_002_LoginTest"/>
      </group> <!-- Sanity -->
    </groups>
    <test started-at="2025-05-18T22:32:35 IST" name="Test" finished-at="2025-05-18T22:32:45 IST" duration-ms="10377">
      <class name="TestCases.TC_002_LoginTest">
        <test-method is-config="true" signature="setup(java.lang.String,java.lang.String)[pri:0, instance:TestCases.TC_002_LoginTest@f001896]" started-at="2025-05-18T22:32:35 IST" name="setup" finished-at="2025-05-18T22:32:40 IST" duration-ms="4854" status="PASS">
          <params>
            <param index="0">
              <value>
                <![CDATA[Windows]]>
              </value>
            </param>
            <param index="1">
              <value>
                <![CDATA[Chrome]]>
              </value>
            </param>
          </params>
          <reporter-output>
          </reporter-output>
        </test-method> <!-- setup -->
        <test-method signature="Verify_Login_Test()[pri:0, instance:TestCases.TC_002_LoginTest@f001896]" started-at="2025-05-18T22:32:40 IST" name="Verify_Login_Test" finished-at="2025-05-18T22:32:45 IST" duration-ms="5118" status="PASS">
          <reporter-output>
          </reporter-output>
        </test-method> <!-- Verify_Login_Test -->
        <test-method is-config="true" signature="tearDown()[pri:0, instance:TestCases.TC_002_LoginTest@f001896]" started-at="2025-05-18T22:32:45 IST" name="tearDown" finished-at="2025-05-18T22:32:45 IST" duration-ms="121" status="PASS">
          <reporter-output>
          </reporter-output>
        </test-method> <!-- tearDown -->
      </class> <!-- TestCases.TC_002_LoginTest -->
    </test> <!-- Test -->
  </suite> <!-- Suite -->
</testng-results>
